[INFO][URL]:https://api.github.com/users/denisxab/repos?per_page=90&page=1
[INFO][TIME]:0.061151447000000025
[INFO][GIT_USER]:{'all_repos': {'Check_class': {'clone_url': 'https://github.com/denisxab/Check_class.git',
                               'default_branch': 'master',
                               'updated_at': '2019-08-17T11:30:18Z',
                               'visibility': 'public'},
               'DVR_date_search': {'clone_url': 'https://github.com/denisxab/DVR_date_search.git',
                                   'default_branch': 'master',
                                   'updated_at': '2021-08-02T20:59:39Z',
                                   'visibility': 'public'},
               'Data-structure-': {'clone_url': 'https://github.com/denisxab/Data-structure-.git',
                                   'default_branch': 'master',
                                   'updated_at': '2021-09-17T14:24:51Z',
                                   'visibility': 'public'},
               'Esa-Translator-Ru-Eng': {'clone_url': 'https://github.com/denisxab/Esa-Translator-Ru-Eng.git',
                                         'default_branch': 'master',
                                         'updated_at': '2019-08-25T15:48:52Z',
                                         'visibility': 'public'},
               'INSTALL_LIB': {'clone_url': 'https://github.com/denisxab/INSTALL_LIB.git',
                               'default_branch': 'master',
                               'updated_at': '2019-07-30T13:05:50Z',
                               'visibility': 'public'},
               'NetFreebies': {'clone_url': 'https://github.com/denisxab/NetFreebies.git',
                               'default_branch': 'main',
                               'updated_at': '2021-07-20T20:10:01Z',
                               'visibility': 'public'},
               'Polynom': {'clone_url': 'https://github.com/denisxab/Polynom.git',
                           'default_branch': 'main',
                           'updated_at': '2022-02-26T12:47:20Z',
                           'visibility': 'public'},
               'PyRAM': {'clone_url': 'https://github.com/denisxab/PyRAM.git',
                         'default_branch': 'master',
                         'updated_at': '2019-08-17T11:32:11Z',
                         'visibility': 'public'},
               'Questionnaire-for-telegrams-': {'clone_url': 'https://github.com/denisxab/Questionnaire-for-telegrams-.git',
                                                'default_branch': 'master',
                                                'updated_at': '2019-07-21T09:06:53Z',
                                                'visibility': 'public'},
               'RE_inst': {'clone_url': 'https://github.com/denisxab/RE_inst.git',
                           'default_branch': 'master',
                           'updated_at': '2022-01-06T06:08:52Z',
                           'visibility': 'public'},
               'RemApy': {'clone_url': 'https://github.com/denisxab/RemApy.git',
                          'default_branch': 'master',
                          'updated_at': '2019-07-21T09:06:48Z',
                          'visibility': 'public'},
               'SHISH': {'clone_url': 'https://github.com/denisxab/SHISH.git',
                         'default_branch': 'master',
                         'updated_at': '2019-08-31T15:04:41Z',
                         'visibility': 'public'},
               'Search_FriendsVk': {'clone_url': 'https://github.com/denisxab/Search_FriendsVk.git',
                                    'default_branch': 'master',
                                    'updated_at': '2019-08-29T15:19:52Z',
                                    'visibility': 'public'},
               'Tkinter_T9': {'clone_url': 'https://github.com/denisxab/Tkinter_T9.git',
                              'default_branch': 'master',
                              'updated_at': '2019-08-26T15:02:34Z',
                              'visibility': 'public'},
               'Translete_pyqt_orc': {'clone_url': 'https://github.com/denisxab/Translete_pyqt_orc.git',
                                      'default_branch': 'master',
                                      'updated_at': '2019-11-17T14:32:51Z',
                                      'visibility': 'public'},
               'VK_skan': {'clone_url': 'https://github.com/denisxab/VK_skan.git',
                           'default_branch': 'main',
                           'updated_at': '2021-08-07T17:13:31Z',
                           'visibility': 'public'},
               'Vk_MI': {'clone_url': 'https://github.com/denisxab/Vk_MI.git',
                         'default_branch': 'master',
                         'updated_at': '2020-01-15T22:45:45Z',
                         'visibility': 'public'},
               'Your_Gate': {'clone_url': 'https://github.com/denisxab/Your_Gate.git',
                             'default_branch': 'main',
                             'updated_at': '2021-09-17T14:24:47Z',
                             'visibility': 'public'},
               'Zubri': {'clone_url': 'https://github.com/denisxab/Zubri.git',
                         'default_branch': 'main',
                         'updated_at': '2021-09-17T14:24:48Z',
                         'visibility': 'public'},
               '__dajngo_market2': {'clone_url': 'https://github.com/denisxab/__dajngo_market2.git',
                                    'default_branch': 'main',
                                    'updated_at': '2021-12-08T18:40:02Z',
                                    'visibility': 'public'},
               '__django_market': {'clone_url': 'https://github.com/denisxab/__django_market.git',
                                   'default_branch': 'main',
                                   'updated_at': '2021-11-15T18:53:07Z',
                                   'visibility': 'public'},
               '__django_vpn': {'clone_url': 'https://github.com/denisxab/__django_vpn.git',
                                'default_branch': 'main',
                                'updated_at': '2021-11-06T18:27:11Z',
                                'visibility': 'public'},
               '__orc_pdf': {'clone_url': 'https://github.com/denisxab/__orc_pdf.git',
                             'default_branch': 'master',
                             'updated_at': '2021-09-23T09:40:14Z',
                             'visibility': 'public'},
               '_django_test_task': {'clone_url': 'https://github.com/denisxab/_django_test_task.git',
                                     'default_branch': 'main',
                                     'updated_at': '2021-09-18T12:57:54Z',
                                     'visibility': 'public'},
               'aio-pika': {'clone_url': 'https://github.com/denisxab/aio-pika.git',
                            'default_branch': 'master',
                            'updated_at': '2022-03-25T19:14:42Z',
                            'visibility': 'public'},
               'bashler': {'clone_url': 'https://github.com/denisxab/bashler.git',
                           'default_branch': 'master',
                           'updated_at': '2022-03-14T19:50:12Z',
                           'visibility': 'public'},
               'configer': {'clone_url': 'https://github.com/denisxab/configer.git',
                            'default_branch': 'main',
                            'updated_at': '2022-03-21T18:02:49Z',
                            'visibility': 'public'},
               'console_debugger': {'clone_url': 'https://github.com/denisxab/console_debugger.git',
                                    'default_branch': 'main',
                                    'updated_at': '2022-03-20T19:33:10Z',
                                    'visibility': 'public'},
               'dec_profiler': {'clone_url': 'https://github.com/denisxab/dec_profiler.git',
                                'default_branch': 'master',
                                'updated_at': '2021-08-20T14:08:11Z',
                                'visibility': 'public'},
               'denisxab': {'clone_url': 'https://github.com/denisxab/denisxab.git',
                            'default_branch': 'main',
                            'updated_at': '2021-09-15T14:41:56Z',
                            'visibility': 'public'},
               'django-start-pack': {'clone_url': 'https://github.com/denisxab/django-start-pack.git',
                                     'default_branch': 'main',
                                     'updated_at': '2022-02-21T17:25:14Z',
                                     'visibility': 'public'},
               'fast_xabhelper': {'clone_url': 'https://github.com/denisxab/fast_xabhelper.git',
                                  'default_branch': 'master',
                                  'updated_at': '2022-03-07T19:30:45Z',
                                  'visibility': 'public'},
               'flask_message': {'clone_url': 'https://github.com/denisxab/flask_message.git',
                                 'default_branch': 'master',
                                 'updated_at': '2022-01-17T20:53:22Z',
                                 'visibility': 'public'},
               'git_clons': {'clone_url': 'https://github.com/denisxab/git_clons.git',
                             'default_branch': 'master',
                             'updated_at': '2022-03-25T14:37:08Z',
                             'visibility': 'public'},
               'i22TT': {'clone_url': 'https://github.com/denisxab/i22TT.git',
                         'default_branch': 'main',
                         'updated_at': '2022-01-03T16:03:01Z',
                         'visibility': 'public'},
               'keyboard_capture': {'clone_url': 'https://github.com/denisxab/keyboard_capture.git',
                                    'default_branch': 'main',
                                    'updated_at': '2021-09-17T14:24:16Z',
                                    'visibility': 'public'},
               'logsmal': {'clone_url': 'https://github.com/denisxab/logsmal.git',
                           'default_branch': 'main',
                           'updated_at': '2022-02-24T21:42:11Z',
                           'visibility': 'public'},
               'mg_crp': {'clone_url': 'https://github.com/denisxab/mg_crp.git',
                          'default_branch': 'main',
                          'updated_at': '2022-02-25T10:18:02Z',
                          'visibility': 'public'},
               'mg_file': {'clone_url': 'https://github.com/denisxab/mg_file.git',
                           'default_branch': 'main',
                           'updated_at': '2022-03-07T15:57:26Z',
                           'visibility': 'public'},
               'open_lessen': {'clone_url': 'https://github.com/denisxab/open_lessen.git',
                               'default_branch': 'main',
                               'updated_at': '2021-12-26T15:32:18Z',
                               'visibility': 'public'},
               'pall': {'clone_url': 'https://github.com/denisxab/pall.git',
                        'default_branch': 'main',
                        'updated_at': '2021-07-23T09:39:58Z',
                        'visibility': 'public'},
               'perceptron': {'clone_url': 'https://github.com/denisxab/perceptron.git',
                              'default_branch': 'main',
                              'updated_at': '2021-07-23T09:42:26Z',
                              'visibility': 'public'},
               'rbmq_pack': {'clone_url': 'https://github.com/denisxab/rbmq_pack.git',
                             'default_branch': 'main',
                             'updated_at': '2022-03-25T19:21:52Z',
                             'visibility': 'public'},
               'react_template': {'clone_url': 'https://github.com/denisxab/react_template.git',
                                  'default_branch': 'master',
                                  'updated_at': '2022-02-09T12:39:36Z',
                                  'visibility': 'public'},
               'round_bush': {'clone_url': 'https://github.com/denisxab/round_bush.git',
                              'default_branch': 'master',
                              'updated_at': '2021-09-17T14:24:43Z',
                              'visibility': 'public'},
               'showlogsmal': {'clone_url': 'https://github.com/denisxab/showlogsmal.git',
                               'default_branch': 'master',
                               'updated_at': '2022-03-07T14:21:08Z',
                               'visibility': 'public'},
               'smart_copy': {'clone_url': 'https://github.com/denisxab/smart_copy.git',
                              'default_branch': 'master',
                              'updated_at': '2022-01-30T20:27:43Z',
                              'visibility': 'public'},
               'socketlessen': {'clone_url': 'https://github.com/denisxab/socketlessen.git',
                                'default_branch': 'main',
                                'updated_at': '2021-10-23T16:31:42Z',
                                'visibility': 'public'},
               'staff': {'clone_url': 'https://github.com/denisxab/staff.git',
                         'default_branch': 'master',
                         'updated_at': '2022-01-30T14:56:15Z',
                         'visibility': 'public'},
               'svelte_template': {'clone_url': 'https://github.com/denisxab/svelte_template.git',
                                   'default_branch': 'master',
                                   'updated_at': '2022-02-14T10:58:05Z',
                                   'visibility': 'public'},
               'sync_thread': {'clone_url': 'https://github.com/denisxab/sync_thread.git',
                               'default_branch': 'main',
                               'updated_at': '2021-07-23T09:31:43Z',
                               'visibility': 'public'},
               'testfull_pack': {'clone_url': 'https://github.com/denisxab/testfull_pack.git',
                                 'default_branch': 'main',
                                 'updated_at': '2022-03-25T19:22:56Z',
                                 'visibility': 'public'},
               'yasharyu': {'clone_url': 'https://github.com/denisxab/yasharyu.git',
                            'default_branch': 'main',
                            'updated_at': '2021-08-17T20:05:09Z',
                            'visibility': 'public'}},
 'meta_user': {'count_public_repos': 53,
               'gists_url': 'https://api.github.com/users/denisxab/gists{/gist_id}',
               'id': 47678176,
               'login': 'denisxab',
               'repos_url': 'https://api.github.com/users/denisxab/repos'},
 'token': None,
 'user_name': 'denisxab'}
